alog -O2 -sve  -work DataMemory $dsn/src/ControlUnit.v
# Warning: The source is compiled without the -dbg switch. Line breakpoints and code coverage will not be available.
# Compile...
# Pass 1. Scanning modules hierarchy.
# Info: VCP2113 Module \$root found in current working library.
# Error: VCP2000 ControlUnit.v : (59, 13): Syntax error. Unexpected token: else[_ELSE]. Expected tokens: '#' , ''' , '(' , ';' , '@' ... .
# Error: VCP2000 ControlUnit.v : (128, 10): Syntax error. Unexpected token: endmodule[_ENDMODULE]. Expected tokens: '(*' , '('.
# Compile failure 2 Errors 0 Warnings  Analysis time: 2[s].
alog -O2 -sve  -work DataMemory $dsn/src/ControlUnit.v
# Warning: The source is compiled without the -dbg switch. Line breakpoints and code coverage will not be available.
# Compile...
# Pass 1. Scanning modules hierarchy.
# Info: VCP2113 Module \$root found in current working library.
# Error: VCP2000 ControlUnit.v : (59, 13): Syntax error. Unexpected token: else[_ELSE]. Expected tokens: '(*' , '('.
# Compile failure 1 Errors 0 Warnings  Analysis time: 0[s].
alog -O2 -sve  -work DataMemory $dsn/src/ControlUnit.v
# Warning: The source is compiled without the -dbg switch. Line breakpoints and code coverage will not be available.
# Compile...
# Pass 1. Scanning modules hierarchy.
# Info: VCP2113 Module \$root found in current working library.
# Error: VCP2020 ControlUnit.v : (127, 8): begin...end pair(s) mismatch detected. 1 <begin> tokens are missing.
# Error: VCP2020 ControlUnit.v : (127, 8): module/macromodule...endmodule pair(s) mismatch detected. 1 <endmodule> tokens are missing.
# Error: VCP2000 ControlUnit.v : (127, 8): Syntax error. Unexpected token: end[_END]. Expected tokens: '('.
# Compile failure 3 Errors 0 Warnings  Analysis time: 0[s].
alog -O2 -sve  -work DataMemory $dsn/src/ControlUnit.v
# Warning: The source is compiled without the -dbg switch. Line breakpoints and code coverage will not be available.
# Compile...
# Pass 1. Scanning modules hierarchy.
# Info: VCP2113 Module \$root found in current working library.
# Error: VCP2000 ControlUnit.v : (127, 10): Syntax error. Unexpected token: endmodule[_ENDMODULE]. Expected tokens: '('.
# Compile failure 1 Errors 0 Warnings  Analysis time: 0[s].
alog -O2 -sve  -work DataMemory $dsn/src/ControlUnit.v
# Warning: The source is compiled without the -dbg switch. Line breakpoints and code coverage will not be available.
# Compile...
# Pass 1. Scanning modules hierarchy.
# Info: VCP2113 Module \$root found in current working library.
# Error: VCP2020 ControlUnit.v : (126, 10): begin...end pair(s) mismatch detected. 1 <end> tokens are missing.
# Error: VCP2000 ControlUnit.v : (126, 10): Syntax error. Unexpected token: endmodule[_ENDMODULE]. Expected tokens: '#' , ''' , '(' , ';' , '@' ... .
# Compile failure 2 Errors 0 Warnings  Analysis time: 0[s].
alog -O2 -sve  -work DataMemory $dsn/src/ControlUnit.v
# Warning: The source is compiled without the -dbg switch. Line breakpoints and code coverage will not be available.
# Compile...
# Pass 1. Scanning modules hierarchy.
# Info: VCP2113 Module \$root found in current working library.
# Pass 2. Processing instantiations.
# Pass 3. Processing behavioral statements.
# Error: VCP5103 ControlUnit.v : (16, 30): Undeclared identifier: AlUOp.
# Error: VCP2858 ControlUnit.v : (20, 38): Branch is not a valid left-hand side of a procedural assignment.
# Error: VCP5103 ControlUnit.v : (25, 30): Undeclared identifier: AlUOp.
# Error: VCP2858 ControlUnit.v : (29, 38): Branch is not a valid left-hand side of a procedural assignment.
# Error: VCP2858 ControlUnit.v : (38, 38): Branch is not a valid left-hand side of a procedural assignment.
# Error: VCP5103 ControlUnit.v : (43, 30): Undeclared identifier: AlUOp.
# Error: VCP2858 ControlUnit.v : (47, 38): Branch is not a valid left-hand side of a procedural assignment.
# Error: VCP5103 ControlUnit.v : (52, 30): Undeclared identifier: AlUOp.
# Error: VCP2858 ControlUnit.v : (56, 38): Branch is not a valid left-hand side of a procedural assignment.
# Error: VCP2858 ControlUnit.v : (68, 38): Branch is not a valid left-hand side of a procedural assignment.
# Error: VCP2858 ControlUnit.v : (79, 38): Branch is not a valid left-hand side of a procedural assignment.
# Error: VCP5103 ControlUnit.v : (86, 30): Undeclared identifier: AlUOp.
# Error: VCP2858 ControlUnit.v : (90, 38): Branch is not a valid left-hand side of a procedural assignment.
# Error: VCP5103 ControlUnit.v : (97, 30): Undeclared identifier: AlUOp.
# Error: VCP2858 ControlUnit.v : (101, 38): Branch is not a valid left-hand side of a procedural assignment.
# Error: VCP5103 ControlUnit.v : (108, 30): Undeclared identifier: AlUOp.
# Error: VCP2858 ControlUnit.v : (112, 38): Branch is not a valid left-hand side of a procedural assignment.
# Error: VCP2858 ControlUnit.v : (123, 38): Branch is not a valid left-hand side of a procedural assignment.
# Compile failure 18 Errors 0 Warnings  Analysis time: 2[s].
alog -O2 -sve  -work DataMemory $dsn/src/ControlUnit.v
# Warning: The source is compiled without the -dbg switch. Line breakpoints and code coverage will not be available.
# Compile...
# Pass 1. Scanning modules hierarchy.
# Info: VCP2113 Module \$root found in current working library.
# Pass 2. Processing instantiations.
# Pass 3. Processing behavioral statements.
# Error: VCP2858 ControlUnit.v : (20, 38): Branch is not a valid left-hand side of a procedural assignment.
# Error: VCP5103 ControlUnit.v : (25, 30): Undeclared identifier: AlUOp.
# Error: VCP2858 ControlUnit.v : (29, 38): Branch is not a valid left-hand side of a procedural assignment.
# Error: VCP2858 ControlUnit.v : (38, 38): Branch is not a valid left-hand side of a procedural assignment.
# Error: VCP5103 ControlUnit.v : (43, 30): Undeclared identifier: AlUOp.
# Error: VCP2858 ControlUnit.v : (47, 38): Branch is not a valid left-hand side of a procedural assignment.
# Error: VCP5103 ControlUnit.v : (52, 30): Undeclared identifier: AlUOp.
# Error: VCP2858 ControlUnit.v : (56, 38): Branch is not a valid left-hand side of a procedural assignment.
# Error: VCP2858 ControlUnit.v : (68, 38): Branch is not a valid left-hand side of a procedural assignment.
# Error: VCP2858 ControlUnit.v : (79, 38): Branch is not a valid left-hand side of a procedural assignment.
# Error: VCP5103 ControlUnit.v : (86, 30): Undeclared identifier: AlUOp.
# Error: VCP2858 ControlUnit.v : (90, 38): Branch is not a valid left-hand side of a procedural assignment.
# Error: VCP5103 ControlUnit.v : (97, 30): Undeclared identifier: AlUOp.
# Error: VCP2858 ControlUnit.v : (101, 38): Branch is not a valid left-hand side of a procedural assignment.
# Error: VCP5103 ControlUnit.v : (108, 30): Undeclared identifier: AlUOp.
# Error: VCP2858 ControlUnit.v : (112, 38): Branch is not a valid left-hand side of a procedural assignment.
# Error: VCP2858 ControlUnit.v : (123, 38): Branch is not a valid left-hand side of a procedural assignment.
# Compile failure 17 Errors 0 Warnings  Analysis time: 0[s].
alog -O2 -sve  -work DataMemory $dsn/src/ControlUnit.v
# Warning: The source is compiled without the -dbg switch. Line breakpoints and code coverage will not be available.
# Compile...
# Pass 1. Scanning modules hierarchy.
# Info: VCP2113 Module \$root found in current working library.
# Pass 2. Processing instantiations.
# Pass 3. Processing behavioral statements.
# Error: VCP2858 ControlUnit.v : (20, 38): Branch is not a valid left-hand side of a procedural assignment.
# Error: VCP5103 ControlUnit.v : (25, 30): Undeclared identifier: AlUOp.
# Error: VCP2858 ControlUnit.v : (29, 38): Branch is not a valid left-hand side of a procedural assignment.
# Error: VCP2858 ControlUnit.v : (38, 38): Branch is not a valid left-hand side of a procedural assignment.
# Error: VCP5103 ControlUnit.v : (43, 30): Undeclared identifier: AlUOp.
# Error: VCP2858 ControlUnit.v : (47, 38): Branch is not a valid left-hand side of a procedural assignment.
# Error: VCP5103 ControlUnit.v : (52, 30): Undeclared identifier: AlUOp.
# Error: VCP2858 ControlUnit.v : (56, 38): Branch is not a valid left-hand side of a procedural assignment.
# Error: VCP2858 ControlUnit.v : (68, 38): Branch is not a valid left-hand side of a procedural assignment.
# Error: VCP2858 ControlUnit.v : (79, 38): Branch is not a valid left-hand side of a procedural assignment.
# Error: VCP5103 ControlUnit.v : (86, 30): Undeclared identifier: AlUOp.
# Error: VCP2858 ControlUnit.v : (90, 38): Branch is not a valid left-hand side of a procedural assignment.
# Error: VCP5103 ControlUnit.v : (97, 30): Undeclared identifier: AlUOp.
# Error: VCP2858 ControlUnit.v : (101, 38): Branch is not a valid left-hand side of a procedural assignment.
# Error: VCP5103 ControlUnit.v : (108, 30): Undeclared identifier: AlUOp.
# Error: VCP2858 ControlUnit.v : (112, 38): Branch is not a valid left-hand side of a procedural assignment.
# Error: VCP2858 ControlUnit.v : (123, 38): Branch is not a valid left-hand side of a procedural assignment.
# Compile failure 17 Errors 0 Warnings  Analysis time: 0[s].
alog -O2 -sve  -work DataMemory $dsn/src/ControlUnit.v
# Warning: The source is compiled without the -dbg switch. Line breakpoints and code coverage will not be available.
# Compile...
# Pass 1. Scanning modules hierarchy.
# Info: VCP2113 Module \$root found in current working library.
# Pass 2. Processing instantiations.
# Pass 3. Processing behavioral statements.
# Error: VCP5103 ControlUnit.v : (25, 30): Undeclared identifier: AlUOp.
# Error: VCP2858 ControlUnit.v : (29, 38): Branch is not a valid left-hand side of a procedural assignment.
# Error: VCP2858 ControlUnit.v : (38, 38): Branch is not a valid left-hand side of a procedural assignment.
# Error: VCP5103 ControlUnit.v : (43, 30): Undeclared identifier: AlUOp.
# Error: VCP2858 ControlUnit.v : (47, 38): Branch is not a valid left-hand side of a procedural assignment.
# Error: VCP5103 ControlUnit.v : (52, 30): Undeclared identifier: AlUOp.
# Error: VCP2858 ControlUnit.v : (56, 38): Branch is not a valid left-hand side of a procedural assignment.
# Error: VCP2858 ControlUnit.v : (68, 38): Branch is not a valid left-hand side of a procedural assignment.
# Error: VCP2858 ControlUnit.v : (79, 38): Branch is not a valid left-hand side of a procedural assignment.
# Error: VCP5103 ControlUnit.v : (86, 30): Undeclared identifier: AlUOp.
# Error: VCP2858 ControlUnit.v : (90, 38): Branch is not a valid left-hand side of a procedural assignment.
# Error: VCP5103 ControlUnit.v : (97, 30): Undeclared identifier: AlUOp.
# Error: VCP2858 ControlUnit.v : (101, 38): Branch is not a valid left-hand side of a procedural assignment.
# Error: VCP5103 ControlUnit.v : (108, 30): Undeclared identifier: AlUOp.
# Error: VCP2858 ControlUnit.v : (112, 38): Branch is not a valid left-hand side of a procedural assignment.
# Error: VCP2858 ControlUnit.v : (123, 38): Branch is not a valid left-hand side of a procedural assignment.
# Compile failure 16 Errors 0 Warnings  Analysis time: 1[s].
alog -O2 -sve  -work DataMemory $dsn/src/ControlUnit.v
# Warning: The source is compiled without the -dbg switch. Line breakpoints and code coverage will not be available.
# Compile...
# Pass 1. Scanning modules hierarchy.
# Info: VCP2113 Module \$root found in current working library.
# Pass 2. Processing instantiations.
# Pass 3. Processing behavioral statements.
# Error: VCP2858 ControlUnit.v : (29, 38): Branch is not a valid left-hand side of a procedural assignment.
# Error: VCP2858 ControlUnit.v : (38, 38): Branch is not a valid left-hand side of a procedural assignment.
# Error: VCP5103 ControlUnit.v : (43, 30): Undeclared identifier: AlUOp.
# Error: VCP2858 ControlUnit.v : (47, 38): Branch is not a valid left-hand side of a procedural assignment.
# Error: VCP5103 ControlUnit.v : (52, 30): Undeclared identifier: AlUOp.
# Error: VCP2858 ControlUnit.v : (56, 38): Branch is not a valid left-hand side of a procedural assignment.
# Error: VCP2858 ControlUnit.v : (68, 38): Branch is not a valid left-hand side of a procedural assignment.
# Error: VCP2858 ControlUnit.v : (79, 38): Branch is not a valid left-hand side of a procedural assignment.
# Error: VCP5103 ControlUnit.v : (86, 30): Undeclared identifier: AlUOp.
# Error: VCP2858 ControlUnit.v : (90, 38): Branch is not a valid left-hand side of a procedural assignment.
# Error: VCP5103 ControlUnit.v : (97, 30): Undeclared identifier: AlUOp.
# Error: VCP2858 ControlUnit.v : (101, 38): Branch is not a valid left-hand side of a procedural assignment.
# Error: VCP5103 ControlUnit.v : (108, 30): Undeclared identifier: AlUOp.
# Error: VCP2858 ControlUnit.v : (112, 38): Branch is not a valid left-hand side of a procedural assignment.
# Error: VCP2858 ControlUnit.v : (123, 38): Branch is not a valid left-hand side of a procedural assignment.
# Compile failure 15 Errors 0 Warnings  Analysis time: 0[s].
alog -O2 -sve  -work DataMemory $dsn/src/ControlUnit.v
# Warning: The source is compiled without the -dbg switch. Line breakpoints and code coverage will not be available.
# Compile...
# Pass 1. Scanning modules hierarchy.
# Info: VCP2113 Module \$root found in current working library.
# Pass 2. Processing instantiations.
# Pass 3. Processing behavioral statements.
# Error: VCP2858 ControlUnit.v : (38, 38): Branch is not a valid left-hand side of a procedural assignment.
# Error: VCP5103 ControlUnit.v : (43, 30): Undeclared identifier: AlUOp.
# Error: VCP2858 ControlUnit.v : (47, 38): Branch is not a valid left-hand side of a procedural assignment.
# Error: VCP5103 ControlUnit.v : (52, 30): Undeclared identifier: AlUOp.
# Error: VCP2858 ControlUnit.v : (56, 38): Branch is not a valid left-hand side of a procedural assignment.
# Error: VCP2858 ControlUnit.v : (68, 38): Branch is not a valid left-hand side of a procedural assignment.
# Error: VCP2858 ControlUnit.v : (79, 38): Branch is not a valid left-hand side of a procedural assignment.
# Error: VCP5103 ControlUnit.v : (86, 30): Undeclared identifier: AlUOp.
# Error: VCP2858 ControlUnit.v : (90, 38): Branch is not a valid left-hand side of a procedural assignment.
# Error: VCP5103 ControlUnit.v : (97, 30): Undeclared identifier: AlUOp.
# Error: VCP2858 ControlUnit.v : (101, 38): Branch is not a valid left-hand side of a procedural assignment.
# Error: VCP5103 ControlUnit.v : (108, 30): Undeclared identifier: AlUOp.
# Error: VCP2858 ControlUnit.v : (112, 38): Branch is not a valid left-hand side of a procedural assignment.
# Error: VCP2858 ControlUnit.v : (123, 38): Branch is not a valid left-hand side of a procedural assignment.
# Compile failure 14 Errors 0 Warnings  Analysis time: 0[s].
alog -O2 -sve  -work DataMemory $dsn/src/ControlUnit.v
# Warning: The source is compiled without the -dbg switch. Line breakpoints and code coverage will not be available.
# Compile...
# Pass 1. Scanning modules hierarchy.
# Info: VCP2113 Module \$root found in current working library.
# Pass 2. Processing instantiations.
# Pass 3. Processing behavioral statements.
# Error: VCP5103 ControlUnit.v : (43, 30): Undeclared identifier: AlUOp.
# Error: VCP2858 ControlUnit.v : (47, 38): Branch is not a valid left-hand side of a procedural assignment.
# Error: VCP5103 ControlUnit.v : (52, 30): Undeclared identifier: AlUOp.
# Error: VCP2858 ControlUnit.v : (56, 38): Branch is not a valid left-hand side of a procedural assignment.
# Error: VCP2858 ControlUnit.v : (68, 38): Branch is not a valid left-hand side of a procedural assignment.
# Error: VCP2858 ControlUnit.v : (79, 38): Branch is not a valid left-hand side of a procedural assignment.
# Error: VCP5103 ControlUnit.v : (86, 30): Undeclared identifier: AlUOp.
# Error: VCP2858 ControlUnit.v : (90, 38): Branch is not a valid left-hand side of a procedural assignment.
# Error: VCP5103 ControlUnit.v : (97, 30): Undeclared identifier: AlUOp.
# Error: VCP2858 ControlUnit.v : (101, 38): Branch is not a valid left-hand side of a procedural assignment.
# Error: VCP5103 ControlUnit.v : (108, 30): Undeclared identifier: AlUOp.
# Error: VCP2858 ControlUnit.v : (112, 38): Branch is not a valid left-hand side of a procedural assignment.
# Error: VCP2858 ControlUnit.v : (123, 38): Branch is not a valid left-hand side of a procedural assignment.
# Compile failure 13 Errors 0 Warnings  Analysis time: 1[s].
alog -O2 -sve  -work DataMemory $dsn/src/ControlUnit.v
# Warning: The source is compiled without the -dbg switch. Line breakpoints and code coverage will not be available.
# Compile...
# Pass 1. Scanning modules hierarchy.
# Info: VCP2113 Module \$root found in current working library.
# Pass 2. Processing instantiations.
# Pass 3. Processing behavioral statements.
# Error: VCP2858 ControlUnit.v : (47, 38): Branch is not a valid left-hand side of a procedural assignment.
# Error: VCP5103 ControlUnit.v : (52, 30): Undeclared identifier: AlUOp.
# Error: VCP2858 ControlUnit.v : (56, 38): Branch is not a valid left-hand side of a procedural assignment.
# Error: VCP2858 ControlUnit.v : (68, 38): Branch is not a valid left-hand side of a procedural assignment.
# Error: VCP2858 ControlUnit.v : (79, 38): Branch is not a valid left-hand side of a procedural assignment.
# Error: VCP5103 ControlUnit.v : (86, 30): Undeclared identifier: AlUOp.
# Error: VCP2858 ControlUnit.v : (90, 38): Branch is not a valid left-hand side of a procedural assignment.
# Error: VCP5103 ControlUnit.v : (97, 30): Undeclared identifier: AlUOp.
# Error: VCP2858 ControlUnit.v : (101, 38): Branch is not a valid left-hand side of a procedural assignment.
# Error: VCP5103 ControlUnit.v : (108, 30): Undeclared identifier: AlUOp.
# Error: VCP2858 ControlUnit.v : (112, 38): Branch is not a valid left-hand side of a procedural assignment.
# Error: VCP2858 ControlUnit.v : (123, 38): Branch is not a valid left-hand side of a procedural assignment.
# Compile failure 12 Errors 0 Warnings  Analysis time: 1[s].
alog -O2 -sve  -work DataMemory $dsn/src/ControlUnit.v
# Warning: The source is compiled without the -dbg switch. Line breakpoints and code coverage will not be available.
# Compile...
# Pass 1. Scanning modules hierarchy.
# Info: VCP2113 Module \$root found in current working library.
# Pass 2. Processing instantiations.
# Pass 3. Processing behavioral statements.
# Error: VCP2858 ControlUnit.v : (68, 38): Branch is not a valid left-hand side of a procedural assignment.
# Error: VCP2858 ControlUnit.v : (79, 38): Branch is not a valid left-hand side of a procedural assignment.
# Error: VCP5103 ControlUnit.v : (86, 30): Undeclared identifier: AlUOp.
# Error: VCP2858 ControlUnit.v : (90, 38): Branch is not a valid left-hand side of a procedural assignment.
# Error: VCP5103 ControlUnit.v : (97, 30): Undeclared identifier: AlUOp.
# Error: VCP2858 ControlUnit.v : (101, 38): Branch is not a valid left-hand side of a procedural assignment.
# Error: VCP5103 ControlUnit.v : (108, 30): Undeclared identifier: AlUOp.
# Error: VCP2858 ControlUnit.v : (112, 38): Branch is not a valid left-hand side of a procedural assignment.
# Error: VCP2858 ControlUnit.v : (123, 38): Branch is not a valid left-hand side of a procedural assignment.
# Compile failure 9 Errors 0 Warnings  Analysis time: 0[s].
alog -O2 -sve  -work DataMemory $dsn/src/ControlUnit.v
# Warning: The source is compiled without the -dbg switch. Line breakpoints and code coverage will not be available.
# Compile...
# Pass 1. Scanning modules hierarchy.
# Info: VCP2113 Module \$root found in current working library.
# Pass 2. Processing instantiations.
# Pass 3. Processing behavioral statements.
# Error: VCP2858 ControlUnit.v : (79, 38): Branch is not a valid left-hand side of a procedural assignment.
# Error: VCP5103 ControlUnit.v : (86, 30): Undeclared identifier: AlUOp.
# Error: VCP2858 ControlUnit.v : (90, 38): Branch is not a valid left-hand side of a procedural assignment.
# Error: VCP5103 ControlUnit.v : (97, 30): Undeclared identifier: AlUOp.
# Error: VCP2858 ControlUnit.v : (101, 38): Branch is not a valid left-hand side of a procedural assignment.
# Error: VCP5103 ControlUnit.v : (108, 30): Undeclared identifier: AlUOp.
# Error: VCP2858 ControlUnit.v : (112, 38): Branch is not a valid left-hand side of a procedural assignment.
# Error: VCP2858 ControlUnit.v : (123, 38): Branch is not a valid left-hand side of a procedural assignment.
# Compile failure 8 Errors 0 Warnings  Analysis time: 0[s].
alog -O2 -sve  -work DataMemory $dsn/src/ControlUnit.v
# Warning: The source is compiled without the -dbg switch. Line breakpoints and code coverage will not be available.
# Compile...
# Pass 1. Scanning modules hierarchy.
# Info: VCP2113 Module \$root found in current working library.
# Pass 2. Processing instantiations.
# Pass 3. Processing behavioral statements.
# Error: VCP5103 ControlUnit.v : (86, 30): Undeclared identifier: AlUOp.
# Error: VCP2858 ControlUnit.v : (90, 38): Branch is not a valid left-hand side of a procedural assignment.
# Error: VCP5103 ControlUnit.v : (97, 30): Undeclared identifier: AlUOp.
# Error: VCP2858 ControlUnit.v : (101, 38): Branch is not a valid left-hand side of a procedural assignment.
# Error: VCP5103 ControlUnit.v : (108, 30): Undeclared identifier: AlUOp.
# Error: VCP2858 ControlUnit.v : (112, 38): Branch is not a valid left-hand side of a procedural assignment.
# Error: VCP2858 ControlUnit.v : (123, 38): Branch is not a valid left-hand side of a procedural assignment.
# Compile failure 7 Errors 0 Warnings  Analysis time: 0[s].
alog -O2 -sve  -work DataMemory $dsn/src/ControlUnit.v
# Warning: The source is compiled without the -dbg switch. Line breakpoints and code coverage will not be available.
# Compile...
# Pass 1. Scanning modules hierarchy.
# Info: VCP2113 Module \$root found in current working library.
# Pass 2. Processing instantiations.
# Pass 3. Processing behavioral statements.
# Error: VCP5103 ControlUnit.v : (97, 30): Undeclared identifier: AlUOp.
# Error: VCP2858 ControlUnit.v : (101, 38): Branch is not a valid left-hand side of a procedural assignment.
# Error: VCP5103 ControlUnit.v : (108, 30): Undeclared identifier: AlUOp.
# Error: VCP2858 ControlUnit.v : (112, 38): Branch is not a valid left-hand side of a procedural assignment.
# Error: VCP2858 ControlUnit.v : (123, 38): Branch is not a valid left-hand side of a procedural assignment.
# Compile failure 5 Errors 0 Warnings  Analysis time: 0[s].
alog -O2 -sve  -work DataMemory $dsn/src/ControlUnit.v
# Warning: The source is compiled without the -dbg switch. Line breakpoints and code coverage will not be available.
# Compile...
# Pass 1. Scanning modules hierarchy.
# Info: VCP2113 Module \$root found in current working library.
# Pass 2. Processing instantiations.
# Pass 3. Processing behavioral statements.
# Error: VCP5103 ControlUnit.v : (108, 30): Undeclared identifier: AlUOp.
# Error: VCP2858 ControlUnit.v : (112, 38): Branch is not a valid left-hand side of a procedural assignment.
# Error: VCP2858 ControlUnit.v : (123, 38): Branch is not a valid left-hand side of a procedural assignment.
# Compile failure 3 Errors 0 Warnings  Analysis time: 0[s].
alog -O2 -sve  -work DataMemory $dsn/src/ControlUnit.v
# Warning: The source is compiled without the -dbg switch. Line breakpoints and code coverage will not be available.
# Compile...
# Pass 1. Scanning modules hierarchy.
# Info: VCP2113 Module \$root found in current working library.
# Pass 2. Processing instantiations.
# Pass 3. Processing behavioral statements.
# Error: VCP5103 ControlUnit.v : (108, 30): Undeclared identifier: AlUOp.
# Error: VCP2858 ControlUnit.v : (123, 38): Branch is not a valid left-hand side of a procedural assignment.
# Compile failure 2 Errors 0 Warnings  Analysis time: 0[s].
alog -O2 -sve  -work DataMemory $dsn/src/ControlUnit.v
# Warning: The source is compiled without the -dbg switch. Line breakpoints and code coverage will not be available.
# Compile...
# Pass 1. Scanning modules hierarchy.
# Info: VCP2113 Module \$root found in current working library.
# Pass 2. Processing instantiations.
# Pass 3. Processing behavioral statements.
# Error: VCP2858 ControlUnit.v : (123, 38): Branch is not a valid left-hand side of a procedural assignment.
# Compile failure 1 Errors 0 Warnings  Analysis time: 0[s].
alog -O2 -sve  -work DataMemory $dsn/src/ControlUnit.v
# Warning: The source is compiled without the -dbg switch. Line breakpoints and code coverage will not be available.
# Compile...
# Pass 1. Scanning modules hierarchy.
# Info: VCP2113 Module \$root found in current working