# ELBREAD: Elaboration process.
# ELBREAD: Elaboration time 0.0 [s].
alog -O2 -sve  -work SingleCycle $dsn/src/ControlUnit.v
# Warning: The source is compiled without the -dbg switch. Line breakpoints and code coverage will not be available.
# Compile...
# Pass 1. Scanning modules hierarchy.
# Info: VCP2113 Module \$root found in current working library.
# Pass 2. Processing instantiations.
# Pass 3. Processing behavioral statements.
# Running Optimizer.
# ELB/DAG code generating.
# Info: VCP2113 Module \$root found in current working library.
# Info: VCP2113 Module InstructionsMemory found in current working library.
# Info: VCP2113 Module DataMemory_tb found in current working library.
# Info: VCP2113 Module mux_2x1_behavioral found in current working library.
# Info: VCP2113 Module mux_2x1_structural found in current working library.
# Info: VCP2113 Module mux_8x1_structural found in current working library.
# Info: VCP2113 Module SignExtend found in current working library.
# Info: VCP2113 Module RegisterFile found in current working library.
# Info: VCP2113 Module ALU found in current working library.
# Unit top modules: ControlUnit.
# $root top modules: InstructionsMemory ControlUnit DataMemory_tb mux_2x1_behavioral mux_2x1_structural mux_8x1_structural SignExtend RegisterFile ALU.
# Compile success 0 Errors 0 Warnings  Analysis time: 1[s].
# done
