echo <string>
#################### Starting C Code Debug Session ######################
cd $dsn/src
VSIMSA: Configuration files: `C:\Aldec\Active-HDL 9.1_2\vlib\library.cfg', `c:\aldec\active-hdl 9.1_2\bin\vsimsa.cfg'
amap SingleCycle $dsn/SingleCycle.lib
AMAP: Adding library mapping `C:\Users\Hamdy\Source\Repos\MIPS-SC\OurNiceCoProject\SingleCycle\SingleCycle.lib'
set worklib SingleCycle
VSIMSA: `SingleCycle' is now working library.
# simulation
asim -callbacks DataMemory_tb 
ELBREAD: Elaboration process.
ELBREAD: Warning: Module 'DataMemory' does not have a `timescale directive, but previous modules do.
ELBREAD: Elaboration time 0.0 [s].
KERNEL: Main thread initiated.
KERNEL: Kernel process initialization phase.
KERNEL: Time resolution set to 1ps.
ELAB2: Elaboration final pass...
KERNEL: PLI/VHPI kernel's engine initialization done.
PLI: Loading library 'C:\Aldec\Active-HDL 9.1_2\bin\systf.dll'
PLI: Loading library 'C:\Aldec\Active-HDL 9.1_2\bin\fsdbwriter.dll'
ELAB2: Create instances ...
ELAB2: Create instances complete.
SLP: Started
SLP: Elaboration phase ...
SLP: Elaboration phase ... done : 0.0 [s]
SLP: Generation phase ...
SLP: Generation phase ... done : 0.7 [s]
SLP: Finished : 0.7 [s]
SLP: 0 primitives and 4 (100.00%) other processes in SLP
SLP: 9 (90.00%) signals in SLP and 1 (10.00%) interface signals
ELAB2: Elaboration final pass complete - time: 1.3 [s].
KERNEL: SLP loading done - time: 0.1 [s].
KERNEL: SLP simulation initialization done - time: 0.0 [s].
KERNEL: Kernel process initialization done.
Allocation: Simulator allocated 5219 kB (elbread=1023 elab2=4106 kernel=89 sdf=0)
ASDB: Error: Cannot overwrite simulation database 'C:\Users\Hamdy\Source\Repos\MIPS-SC\OurNiceCoProject\SingleCycle\src\wave.asdb'.
Make sure that no other application is accessing the database(s).
run 
KERNEL: 0 ps xx xxx x x 
KERNEL: Simulation has finished. There are no more test vectors to simulate.
#############################################################
VSIM: No breakpoints set.
