alog -O2 -sve  -work ControlUnit $dsn/src/ControlUnit.v
# Warning: The source is compiled without the -dbg switch. Line breakpoints and code coverage will not be available.
# Compile...
# Pass 1. Scanning modules hierarchy.
# Error: VCP2000 ControlUnit.v : (11, 29): Syntax error. Unexpected token: begin[_BEGIN]. Expected tokens: 'full_case' , 'parallel_case' , 'parallel_case full_case' , ''' , '(' ... .
# Error: VCP2020 ControlUnit.v : (57, 20): begin...end pair(s) mismatch detected. 3 <end> tokens are missing.
# Error: VCP2020 ControlUnit.v : (57, 20): module/macromodule...endmodule pair(s) mismatch detected. 1 <endmodule> tokens are missing.
# Error: VCP2000 ControlUnit.v : (57, 20): Syntax error. Unexpected token: endcase[_ENDCASE]. Expected tokens: '#' , ''' , '(' , ';' , '@' ... .
# Error: VCP2020 ControlUnit.v : (128, 10): begin...end pair(s) mismatch detected. 2 <begin> tokens are missing.
# Error: VCP2020 ControlUnit.v : (128, 10): module/macromodule...endmodule pair(s) mismatch detected. 1 <module/macromodule> tokens are missing.
# Error: VCP2000 ControlUnit.v : (128, 10): Syntax error. Unexpected token: endmodule[_ENDMODULE]. Expected tokens: '(*' , '('.
# Compile failure 7 Errors 0 Warnings  Analysis time: 0[s].
alog -O2 -sve  -work ControlUnit $dsn/src/ControlUnit.v
# Warning: The source is compiled without the -dbg switch. Line breakpoints and code coverage will not be available.
# Compile...
# Pass 1. Scanning modules hierarchy.
# Error: VCP2000 ControlUnit.v : (11, 29): Syntax error. Unexpected token: begin[_BEGIN]. Expected tokens: 'full_case' , 'parallel_case' , 'parallel_case full_case' , ''' , '(' ... .
# Error: VCP2020 ControlUnit.v : (57, 20): begin...end pair(s) mismatch detected. 3 <end> tokens are missing.
# Error: VCP2020 ControlUnit.v : (57, 20): module/macromodule...endmodule pair(s) mismatch detected. 1 <endmodule> tokens are missing.
# Error: VCP2000 ControlUnit.v : (57, 20): Syntax error. Unexpected token: endcase[_ENDCASE]. Expected tokens: '#' , ''' , '(' , ';' , '@' ... .
# Error: VCP2020 ControlUnit.v : (128, 10): begin...end pair(s) mismatch detected. 2 <begin> tokens are missing.
# Error: VCP2020 ControlUnit.v : (128, 10): module/macromodule...endmodule pair(s) mismatch detected. 1 <module/macromodule> tokens are missing.
# Error: VCP2000 ControlUnit.v : (128, 10): Syntax error. Unexpected token: endmodule[_ENDMODULE]. Expected tokens: '(*' , '('.
# Compile failure 7 Errors 0 Warnings  Analysis time: 0[s].
alog -O2 -sve  -work ControlUnit $dsn/src/ControlUnit.v
# Warning: The source is compiled without the -dbg switch. Line breakpoints and code coverage will not be available.
# Compile...
# Pass 1. Scanning modules hierarchy.
# Error: VCP2000 ControlUnit.v : (59, 13): Syntax error. Unexpected token: else[_ELSE]. Expected tokens: '#' , ''' , '(' , ';' , '@' ... .
# Error: VCP2000 ControlUnit.v : (128, 10): Syntax error. Unexpected token: endmodule[_ENDMODULE]. Expected tokens: '(*' , '('.
# Compile failure 2 Errors 0 Warnings  Analysis time: 0[s].
alog -O2 -sve  -work ControlUnit $dsn/src/ControlUnit.v
# Warning: The source is compiled without the -dbg switch. Line breakpoints and code coverage will not be available.
# Compile...
# Pass 1. Scanning modules hierarchy.
# Error: VCP2000 ControlUnit.v : (60, 13): Syntax error. Unexpected token: else[_ELSE]. Expected tokens: '(*' , '('.
# Error: VCP2020 ControlUnit.v : (128, 8): begin...end pair(s) mismatch detected. 1 <begin> tokens are missing.
# Error: VCP2020 ControlUnit.v : (128, 8): module/macromodule...endmodule pair(s) mismatch detected. 1 <endmodule> tokens are missing.
# Error: VCP2000 ControlUnit.v : (128, 8): Syntax error. Unexpected token: end[_END]. Expected tokens: '('.
# Compile failure 4 Errors 0 Warnings  Analysis time: 0[s].
alog -O2 -sve  -work ControlUnit $dsn/src/ControlUnit.v
# Warning: The source is compiled without the -dbg switch. Line breakpoints and code coverage will not be available.
# Compile...
# Pass 1. Scanning modules hierarchy.
# Error: VCP2000 ControlUnit.v : (59, 13): Syntax error. Unexpected token: else