# Error: ULM_0018: Library "singlecycle" has been created with a different version of compiler. Use the Delete Simulation Data command to remove the library contents, and then recompile all design units.
# Warning: Library Manager: Library "singlecycle" cannot be cleared. Check if it has read-write attribute set.
# Warning: Library Manager: Library "singlecycle" cannot be cleared. Check if it has read-write attribute set.
alog -O2 -sve  -work SingleCycle $dsn/src/DataMemory.v $dsn/src/InstructionMemory.v $dsn/src/ControlUnit.v "$dsn/src/2-1mux behaviorally.v" "$dsn/src/2-1mux structurally .v" "$dsn/src/8-1mux structurally.v" $dsn/src/SignExtend.v $dsn/src/RegisterFile.v $dsn/src/ALU.v $dsn/src/TestBench/DataMemory_TB.v
# Warning: The source is compiled without the -dbg switch. Line breakpoints and code coverage will not be available.
# Compile...
# Pass 1. Scanning modules hierarchy.
# Pass 2. Processing instantiations.
# Info: VCP2876 2-1mux structurally .v : (4, 1): Implicit net declaration, symbol L0 has not been declared in module mux_2x1_structural.
# Info: VCP2876 2-1mux structurally .v : (5, 1): Implicit net declaration, symbol L2 has not been declared in module mux_2x1_structural.
# Info: VCP2876 2-1mux structurally .v : (6, 1): Implicit net declaration, symbol L1 has not been declared in module mux_2x1_structural.
# Info: VCP2876 8-1mux structurally.v : (4, 1): Implicit net declaration, symbol n0 has not been declared in module mux_8x1_structural.
# Info: VCP2876 8-1mux structurally.v : (5, 1): Implicit net declaration, symbol n1 has not been declared in module mux_8x1_structural.
# Info: VCP2876 8-1mux structurally.v : (6, 1): Implicit net declaration, symbol n2 has not been declared in module mux_8x1_structural.
# Info: VCP2876 8-1mux structurally.v : (7, 1): Implicit net declaration, symbol L0 has not been declared in module mux_8x1_structural.
# Info: VCP2876 8-1mux structurally.v : (8, 1): Implicit net declaration, symbol L1 has not been declared in module mux_8x1_structural.
# Info: VCP2876 8-1mux structurally.v : (9, 1): Implicit net declaration, symbol L2 has not been declared in module mux_8x1_structural.
# Info: VCP2876 8-1mux structurally.v : (10, 1): Implicit net declaration, symbol L3 has not been declared in module mux_8x1_structural.
# Info: VCP2876 8-1mux structurally.v : (11, 1): Implicit net declaration, symbol L4 has not been declared in module mux_8x1_structural.
# Info: VCP2876 8-1mux structurally.v : (12, 1): Implicit net declaration, symbol L5 has not been declared in module mux_8x1_structural.
# Info: VCP2876 8-1mux structurally.v : (13, 1): Implicit net declaration, symbol L6 has not been declared in module mux_8x1_structural.
# Info: VCP2876 8-1mux structurally.v : (14, 1): Implicit net declaration, symbol L7 has not been declared in module mux_8x1_structural.
# Pass 3. Processing behavioral statements.
# Running Optimizer.
# ELB/DAG code generating.
# Unit top modules: InstructionsMemory ControlUnit mux_2x1_behavioral mux_2x1_structural mux_8x1_structural SignExtend RegisterFile ALU DataMemory_tb.
# $root top modules: InstructionsMemory ControlUnit mux_2x1_behavioral mux_2x1_structural mux_8x1_structural SignExtend RegisterFile ALU DataMemory_tb.
# Compile success 0 Errors 0 Warnings  Analysis time: 1[s].
# Error: ALOG: File or path is not found (ulmexec.exe).
# Error: ALOG: Cannot add data to library.
# Error: ULM_0018: Library "singlecycle" has been created with a different version of compiler. Use the Delete Simulation Data command to remove the library contents, and then recompile all design units.
